<?xml version="1.0" encoding="UTF-8"?>
<!-- Generated by org.testng.reporters.JUnitXMLReporter -->
<testsuite ignored="0" hostname="DESKTOP-MLET7D3" failures="2" tests="2" name="Suite_002" time="8.719" errors="0" timestamp="2022-07-09T02:16:17 IST">
  <testcase classname="testScripts.TestScript_T0001" name="openGoogle" time="2.69">
    <failure type="java.lang.IndexOutOfBoundsException" message="Index 0 out of bounds for length 0">
      <![CDATA[java.lang.IndexOutOfBoundsException: Index 0 out of bounds for length 0
at java.base/jdk.internal.util.Preconditions.outOfBounds(Preconditions.java:64)
at java.base/jdk.internal.util.Preconditions.outOfBoundsCheckIndex(Preconditions.java:70)
at java.base/jdk.internal.util.Preconditions.checkIndex(Preconditions.java:266)
at java.base/java.util.Objects.checkIndex(Objects.java:359)
at java.base/java.util.ArrayList.get(ArrayList.java:427)
at testScripts.TestScript_T0001.openGoogle(TestScript_T0001.java:56)
at java.base/java.util.ArrayList.forEach(ArrayList.java:1511)
at backend.applications.applicationOne.testExecutionResults.testSuite.TestSuiteExecutionHistoryController$1.run(TestSuiteExecutionHistoryController.java:103)
at java.base/java.lang.Thread.run(Thread.java:831)
... Removed 24 stack frames]]>
    </failure>
  </testcase> <!-- openGoogle -->
  <testcase classname="testScripts.TestScript_T0001" name="openGoogle" time="5.917">
    <failure type="java.lang.IndexOutOfBoundsException" message="Index 0 out of bounds for length 0">
      <![CDATA[java.lang.IndexOutOfBoundsException: Index 0 out of bounds for length 0
at java.base/jdk.internal.util.Preconditions.outOfBounds(Preconditions.java:64)
at java.base/jdk.internal.util.Preconditions.outOfBoundsCheckIndex(Preconditions.java:70)
at java.base/jdk.internal.util.Preconditions.checkIndex(Preconditions.java:266)
at java.base/java.util.Objects.checkIndex(Objects.java:359)
at java.base/java.util.ArrayList.get(ArrayList.java:427)
at testScripts.TestScript_T0001.openGoogle(TestScript_T0001.java:62)
at java.base/java.util.ArrayList.forEach(ArrayList.java:1511)
at backend.applications.applicationOne.testExecutionResults.testSuite.TestSuiteExecutionHistoryController$1.run(TestSuiteExecutionHistoryController.java:103)
at java.base/java.lang.Thread.run(Thread.java:831)
... Removed 24 stack frames]]>
    </failure>
  </testcase> <!-- openGoogle -->
</testsuite> <!-- Suite_002 -->
