<?xml version="1.0" encoding="UTF-8"?>
<testng-results ignored="0" total="2" passed="2" failed="0" skipped="0">
  <reporter-output>
  </reporter-output>
  <suite started-at="2022-07-09T02:30:31 IST" name="Suite_003" finished-at="2022-07-09T02:30:42 IST" duration-ms="10644">
    <groups>
    </groups>
    <test started-at="2022-07-09T02:30:31 IST" name="Suite_003" finished-at="2022-07-09T02:30:42 IST" duration-ms="10644">
      <class name="testScripts.TestScript_T0001">
        <test-method is-config="true" signature="beforeSuite(java.lang.String,java.lang.String,java.lang.String,java.lang.String)[pri:0, instance:testScripts.TestScript_T0001@4cfe6c8d]" started-at="2022-07-09T02:30:31 IST" name="beforeSuite" finished-at="2022-07-09T02:30:31 IST" duration-ms="3" status="PASS">
          <params>
            <param index="0">
              <value>
                <![CDATA[DirectExecution]]>
              </value>
            </param>
            <param index="1">
              <value>
                <![CDATA[]]>
              </value>
            </param>
            <param index="2">
              <value>
                <![CDATA[]]>
              </value>
            </param>
            <param index="3">
              <value>
                <![CDATA[]]>
              </value>
            </param>
          </params>
          <reporter-output>
          </reporter-output>
        </test-method> <!-- beforeSuite -->
        <test-method is-config="true" signature="beforeTest()[pri:0, instance:testScripts.TestScript_T0001@4cfe6c8d]" started-at="2022-07-09T02:30:31 IST" name="beforeTest" finished-at="2022-07-09T02:30:31 IST" duration-ms="0" status="PASS">
          <reporter-output>
          </reporter-output>
        </test-method> <!-- beforeTest -->
        <test-method is-config="true" signature="beforeClass()[pri:0, instance:testScripts.TestScript_T0001@4cfe6c8d]" started-at="2022-07-09T02:30:31 IST" name="beforeClass" finished-at="2022-07-09T02:30:31 IST" duration-ms="0" status="PASS">
          <reporter-output>
          </reporter-output>
        </test-method> <!-- beforeClass -->
        <test-method is-config="true" signature="setValues()[pri:0, instance:testScripts.TestScript_T0001@4cfe6c8d]" started-at="2022-07-09T02:30:31 IST" name="setValues" finished-at="2022-07-09T02:30:31 IST" duration-ms="0" status="PASS">
          <reporter-output>
          </reporter-output>
        </test-method> <!-- setValues -->
        <test-method signature="openGoogle(backend.applications.applicationOne.TestDataMetaAppOneEntity)[pri:0, instance:testScripts.TestScript_T0001@4cfe6c8d]" started-at="2022-07-09T02:30:31 IST" name="openGoogle" data-provider="testDataProvider" finished-at="2022-07-09T02:30:37 IST" duration-ms="5969" status="PASS">
          <params>
            <param index="0">
              <value>
                <![CDATA[TestDataMetaAppOneTableEntity [testDataMetaId=10177, testCaseId=null, testShortDescription=null, testScenario=null, runFlag=null, testPriority=null, testCategory=null, testScriptName=null, jiraId=null, testExecutionTime=null, createdBy=null, createdDate=null, updatedBy=null, updatedDate=null, deleteFlag=null, testTableOne=2001, testTableTwo=0, testTableThree=null, testDataAppOneTableOne=[], testDataAppOneTableTwo=[TestDataAppTableTwo [testDataId=70001, testRowDetail=Table TWO, deleteFlag=null, columnA=RCB, columnB=CSK, columnC=MI, columnD=SRH, columnE=DC]]]]]>
              </value>
            </param>
          </params>
          <reporter-output>
          </reporter-output>
        </test-method> <!-- openGoogle -->
        <test-method is-config="true" signature="beforeMethod()[pri:0, instance:testScripts.TestScript_T0001@4cfe6c8d]" started-at="2022-07-09T02:30:31 IST" name="beforeMethod" finished-at="2022-07-09T02:30:31 IST" duration-ms="0" status="PASS">
          <reporter-output>
          </reporter-output>
        </test-method> <!-- beforeMethod -->
        <test-method is-config="true" signature="afterMethod()[pri:0, instance:testScripts.TestScript_T0001@4cfe6c8d]" started-at="2022-07-09T02:30:37 IST" name="afterMethod" finished-at="2022-07-09T02:30:37 IST" duration-ms="0" status="PASS">
          <reporter-output>
          </reporter-output>
        </test-method> <!-- afterMethod -->
        <test-method is-config="true" signature="beforeMethod()[pri:0, instance:testScripts.TestScript_T0001@4cfe6c8d]" started-at="2022-07-09T02:30:37 IST" name="beforeMethod" finished-at="2022-07-09T02:30:37 IST" duration-ms="1" status="PASS">
          <reporter-output>
          </reporter-output>
        </test-method> <!-- beforeMethod -->
        <test-method signature="openGoogle(backend.applications.applicationOne.TestDataMetaAppOneEntity)[pri:0, instance:testScripts.TestScript_T0001@4cfe6c8d]" started-at="2022-07-09T02:30:37 IST" name="openGoogle" data-provider="testDataProvider" finished-at="2022-07-09T02:30:42 IST" duration-ms="4589" status="PASS">
          <params>
            <param index="0">
              <value>
                <![CDATA[TestDataMetaAppOneTableEntity [testDataMetaId=10179, testCaseId=null, testShortDescription=null, testScenario=null, runFlag=null, testPriority=null, testCategory=null, testScriptName=null, jiraId=null, testExecutionTime=null, createdBy=null, createdDate=null, updatedBy=null, updatedDate=null, deleteFlag=null, testTableOne=2001, testTableTwo=2002, testTableThree=null, testDataAppOneTableOne=[TestDataAppOneTableOne [testDataId=10180, testRowDetail=null, deleteFlag=null, column1=India, column2=Pakistan, column3=Bangaluru, column4=Hyderabad, column5=Chennai]], testDataAppOneTableTwo=[]]]]>
              </value>
            </param>
          </params>
          <reporter-output>
          </reporter-output>
        </test-method> <!-- openGoogle -->
        <test-method is-config="true" signature="afterClass()[pri:0, instance:testScripts.TestScript_T0001@4cfe6c8d]" started-at="2022-07-09T02:30:42 IST" name="afterClass" finished-at="2022-07-09T02:30:42 IST" duration-ms="0" status="PASS">
          <reporter-output>
          </reporter-output>
        </test-method> <!-- afterClass -->
        <test-method is-config="true" signature="afterMethod()[pri:0, instance:testScripts.TestScript_T0001@4cfe6c8d]" started-at="2022-07-09T02:30:42 IST" name="afterMethod" finished-at="2022-07-09T02:30:42 IST" duration-ms="0" status="PASS">
          <reporter-output>
          </reporter-output>
        </test-method> <!-- afterMethod -->
        <test-method is-config="true" signature="afterTest()[pri:0, instance:testScripts.TestScript_T0001@4cfe6c8d]" started-at="2022-07-09T02:30:42 IST" name="afterTest" finished-at="2022-07-09T02:30:42 IST" duration-ms="39" status="PASS">
          <reporter-output>
          </reporter-output>
        </test-method> <!-- afterTest -->
        <test-method is-config="true" signature="afterSuite()[pri:0, instance:testScripts.TestScript_T0001@4cfe6c8d]" started-at="2022-07-09T02:30:42 IST" name="afterSuite" finished-at="2022-07-09T02:30:42 IST" duration-ms="0" status="PASS">
          <reporter-output>
          </reporter-output>
        </test-method> <!-- afterSuite -->
      </class> <!-- testScripts.TestScript_T0001 -->
    </test> <!-- Suite_003 -->
  </suite> <!-- Suite_003 -->
</testng-results>
